<?xml version="1.0" encoding="UTF-8"?>
<!-- Generated by org.testng.reporters.JUnitXMLReporter -->
<testsuite hostname="LAPTOP-9SCENFI4" ignored="0" name="classexecution1" tests="2" failures="0" timestamp="24 Dec 2018 17:28:16 GMT" time="0.217" errors="0">
  <testcase name="@BeforeClass InvokeBrowser" time="0.0" classname="TestNGpgm.guru99MultipleBrowser">
    <failure type="org.testng.TestNGException" message="
Parameter &amp;apos;BrowserType&amp;apos; is required by BeforeClass on method InvokeBrowser but has not been marked @Optional or defined
in C:\Users\ambikaraj\git\repository3\nov30methods\test-output\TestNgFile\multipleBrowser.xml">
      <![CDATA[org.testng.TestNGException: 
Parameter 'BrowserType' is required by BeforeClass on method InvokeBrowser but has not been marked @Optional or defined
in C:\Users\ambikaraj\git\repository3\nov30methods\test-output\TestNgFile\multipleBrowser.xml
... Removed 23 stack frames]]>
    </failure>
  </testcase> <!-- @BeforeClass InvokeBrowser -->
  <testcase name="@AfterClass closeBrowser" time="0.0" classname="TestNGpgm.guru99MultipleBrowser">
    <skipped/>
  </testcase> <!-- @AfterClass closeBrowser -->
  <testcase name="veriftTitle" time="0.0" classname="TestNGpgm.guru99MultipleBrowser">
    <skipped/>
  </testcase> <!-- veriftTitle -->
  <testcase name="loginpage" time="0.0" classname="TestNGpgm.guru99MultipleBrowser">
    <skipped/>
  </testcase> <!-- loginpage -->
</testsuite> <!-- classexecution1 -->
