<?xml version="1.0" encoding="UTF-8"?>
<!-- Generated by org.testng.reporters.JUnitXMLReporter -->
<testsuite hostname="LAPTOP-9SCENFI4" ignored="1" name="Default test" tests="3" failures="0" timestamp="24 Dec 2018 11:22:01 GMT" time="0.432" errors="0">
  <testcase name="testcase2" time="0.031" classname="TestNGpgm.BasicTestNG"/>
  <testcase name="testcase3" time="0.028" classname="TestNGpgm.BasicTestNG"/>
  <testcase name="testcase1" time="0.006" classname="TestNGpgm.BasicTestNG"/>
  <testcase name="testcase4" time="0.0" classname="TestNGpgm.BasicTestNG">
    <ignored/>
  </testcase> <!-- testcase4 -->
</testsuite> <!-- Default test -->
