<?xml version="1.0" encoding="UTF-8"?>
<!-- Generated by org.testng.reporters.JUnitXMLReporter -->
<testsuite hostname="LAPTOP-9SCENFI4" ignored="1" name="Default test" tests="4" failures="0" timestamp="26 Dec 2018 09:42:05 GMT" time="0.276" errors="0">
  <testcase name="testcase2" time="0.025" classname="TestNGpgm.BasicTestNG"/>
  <testcase name="testcase3" time="0.006" classname="TestNGpgm.BasicTestNG"/>
  <testcase name="testcase7" time="0.013" classname="TestNGpgm.BasicTestNG"/>
  <testcase name="testcase1" time="0.007" classname="TestNGpgm.BasicTestNG"/>
  <testcase name="testcase4" time="0.0" classname="TestNGpgm.BasicTestNG">
    <ignored/>
  </testcase> <!-- testcase4 -->
</testsuite> <!-- Default test -->
