<?xml version="1.0" encoding="UTF-8"?>
<!-- Generated by org.testng.reporters.JUnitXMLReporter -->
<testsuite hostname="LAPTOP-9SCENFI4" ignored="6" name="SanityDemo" tests="2" failures="0" timestamp="24 Dec 2018 13:53:46 GMT" time="0.203" errors="0">
  <testcase name="testcase2" time="0.025" classname="TestNGpgm.BasicTestNG"/>
  <testcase name="testcase1" time="0.008" classname="TestNGpgm.BasicTestNG2"/>
  <testcase name="testcase4" time="0.0" classname="TestNGpgm.BasicTestNG">
    <ignored/>
  </testcase> <!-- testcase4 -->
  <testcase name="testcase4" time="0.0" classname="TestNGpgm.BasicTestNG2">
    <ignored/>
  </testcase> <!-- testcase4 -->
  <testcase name="testcase3" time="0.0" classname="TestNGpgm.BasicTestNG">
    <ignored/>
  </testcase> <!-- testcase3 -->
  <testcase name="testcase3" time="0.0" classname="TestNGpgm.BasicTestNG2">
    <ignored/>
  </testcase> <!-- testcase3 -->
  <testcase name="testcase2" time="0.0" classname="TestNGpgm.BasicTestNG2">
    <ignored/>
  </testcase> <!-- testcase2 -->
  <testcase name="testcase1" time="0.0" classname="TestNGpgm.BasicTestNG">
    <ignored/>
  </testcase> <!-- testcase1 -->
</testsuite> <!-- SanityDemo -->
