<?xml version="1.0" encoding="UTF-8"?>
<testng-results skipped="0" failed="0" ignored="1" total="5" passed="4">
  <reporter-output>
  </reporter-output>
  <suite name="Default suite" duration-ms="276" started-at="2018-12-26T09:42:04Z" finished-at="2018-12-26T09:42:04Z">
    <groups>
      <group name="Sanity">
        <method signature="BasicTestNG.testcase2()[pri:-1, instance:TestNGpgm.BasicTestNG@396a51ab]" name="testcase2" class="TestNGpgm.BasicTestNG"/>
      </group> <!-- Sanity -->
      <group name="Regression">
        <method signature="BasicTestNG.testcase2()[pri:-1, instance:TestNGpgm.BasicTestNG@396a51ab]" name="testcase2" class="TestNGpgm.BasicTestNG"/>
      </group> <!-- Regression -->
    </groups>
    <test name="Default test" duration-ms="276" started-at="2018-12-26T09:42:04Z" finished-at="2018-12-26T09:42:04Z">
      <class name="TestNGpgm.BasicTestNG">
        <test-method status="PASS" signature="atFirstClass()[pri:0, instance:TestNGpgm.BasicTestNG@396a51ab]" name="atFirstClass" is-config="true" duration-ms="43" started-at="2018-12-26T09:42:04Z" finished-at="2018-12-26T09:42:04Z">
          <reporter-output>
          </reporter-output>
        </test-method> <!-- atFirstClass -->
        <test-method status="PASS" signature="beforeaTestcase()[pri:0, instance:TestNGpgm.BasicTestNG@396a51ab]" name="beforeaTestcase" is-config="true" duration-ms="1" started-at="2018-12-26T09:42:04Z" finished-at="2018-12-26T09:42:04Z">
          <reporter-output>
          </reporter-output>
        </test-method> <!-- beforeaTestcase -->
        <test-method status="PASS" signature="testcase2()[pri:-1, instance:TestNGpgm.BasicTestNG@396a51ab]" name="testcase2" duration-ms="25" started-at="2018-12-26T09:42:04Z" finished-at="2018-12-26T09:42:04Z">
          <reporter-output>
          </reporter-output>
        </test-method> <!-- testcase2 -->
        <test-method status="PASS" signature="afteraTestcase()[pri:0, instance:TestNGpgm.BasicTestNG@396a51ab]" name="afteraTestcase" is-config="true" duration-ms="2" started-at="2018-12-26T09:42:04Z" finished-at="2018-12-26T09:42:04Z">
          <reporter-output>
          </reporter-output>
        </test-method> <!-- afteraTestcase -->
        <test-method status="PASS" signature="beforeaTestcase()[pri:0, instance:TestNGpgm.BasicTestNG@396a51ab]" name="beforeaTestcase" is-config="true" duration-ms="1" started-at="2018-12-26T09:42:04Z" finished-at="2018-12-26T09:42:04Z">
          <reporter-output>
          </reporter-output>
        </test-method> <!-- beforeaTestcase -->
        <test-method status="PASS" signature="testcase3()[pri:0, instance:TestNGpgm.BasicTestNG@396a51ab]" name="testcase3" duration-ms="6" started-at="2018-12-26T09:42:04Z" finished-at="2018-12-26T09:42:04Z">
          <reporter-output>
          </reporter-output>
        </test-method> <!-- testcase3 -->
        <test-method status="PASS" signature="afteraTestcase()[pri:0, instance:TestNGpgm.BasicTestNG@396a51ab]" name="afteraTestcase" is-config="true" duration-ms="2" started-at="2018-12-26T09:42:04Z" finished-at="2018-12-26T09:42:04Z">
          <reporter-output>
          </reporter-output>
        </test-method> <!-- afteraTestcase -->
        <test-method status="PASS" signature="beforeaTestcase()[pri:0, instance:TestNGpgm.BasicTestNG@396a51ab]" name="beforeaTestcase" is-config="true" duration-ms="3" started-at="2018-12-26T09:42:04Z" finished-at="2018-12-26T09:42:04Z">
          <reporter-output>
          </reporter-output>
        </test-method> <!-- beforeaTestcase -->
        <test-method status="PASS" signature="testcase7()[pri:0, instance:TestNGpgm.BasicTestNG@396a51ab]" name="testcase7" duration-ms="13" started-at="2018-12-26T09:42:04Z" finished-at="2018-12-26T09:42:04Z">
          <exception class="java.lang.ArrayIndexOutOfBoundsException">
            <message>
              <![CDATA[5]]>
            </message>
            <full-stacktrace>
              <![CDATA[java.lang.ArrayIndexOutOfBoundsException: 5
at TestNGpgm.BasicTestNG.testcase7(BasicTestNG.java:81)
at sun.reflect.NativeMethodAccessorImpl.invoke0(Native Method)
at sun.reflect.NativeMethodAccessorImpl.invoke(NativeMethodAccessorImpl.java:62)
at sun.reflect.DelegatingMethodAccessorImpl.invoke(DelegatingMethodAccessorImpl.java:43)
at java.lang.reflect.Method.invoke(Method.java:498)
at org.testng.internal.MethodInvocationHelper.invokeMethod(MethodInvocationHelper.java:124)
at org.testng.internal.Invoker.invokeMethod(Invoker.java:580)
at org.testng.internal.Invoker.invokeTestMethod(Invoker.java:716)
at org.testng.internal.Invoker.invokeTestMethods(Invoker.java:988)
at org.testng.internal.TestMethodWorker.invokeTestMethods(TestMethodWorker.java:125)
at org.testng.internal.TestMethodWorker.run(TestMethodWorker.java:109)
at org.testng.TestRunner.privateRun(TestRunner.java:648)
at org.testng.TestRunner.run(TestRunner.java:505)
at org.testng.SuiteRunner.runTest(SuiteRunner.java:455)
at org.testng.SuiteRunner.runSequentially(SuiteRunner.java:450)
at org.testng.SuiteRunner.privateRun(SuiteRunner.java:415)
at org.testng.SuiteRunner.run(SuiteRunner.java:364)
at org.testng.SuiteRunnerWorker.runSuite(SuiteRunnerWorker.java:52)
at org.testng.SuiteRunnerWorker.run(SuiteRunnerWorker.java:84)
at org.testng.TestNG.runSuitesSequentially(TestNG.java:1208)
at org.testng.TestNG.runSuitesLocally(TestNG.java:1137)
at org.testng.TestNG.runSuites(TestNG.java:1049)
at org.testng.TestNG.run(TestNG.java:1017)
at org.testng.remote.AbstractRemoteTestNG.run(AbstractRemoteTestNG.java:114)
at org.testng.remote.RemoteTestNG.initAndRun(RemoteTestNG.java:251)
at org.testng.remote.RemoteTestNG.main(RemoteTestNG.java:77)
]]>
            </full-stacktrace>
          </exception> <!-- java.lang.ArrayIndexOutOfBoundsException -->
          <reporter-output>
          </reporter-output>
        </test-method> <!-- testcase7 -->
        <test-method status="PASS" signature="afteraTestcase()[pri:0, instance:TestNGpgm.BasicTestNG@396a51ab]" name="afteraTestcase" is-config="true" duration-ms="2" started-at="2018-12-26T09:42:04Z" finished-at="2018-12-26T09:42:04Z">
          <reporter-output>
          </reporter-output>
        </test-method> <!-- afteraTestcase -->
        <test-method status="PASS" signature="beforeaTestcase()[pri:0, instance:TestNGpgm.BasicTestNG@396a51ab]" name="beforeaTestcase" is-config="true" duration-ms="1" started-at="2018-12-26T09:42:04Z" finished-at="2018-12-26T09:42:04Z">
          <reporter-output>
          </reporter-output>
        </test-method> <!-- beforeaTestcase -->
        <test-method status="PASS" signature="testcase1()[pri:2, instance:TestNGpgm.BasicTestNG@396a51ab]" name="testcase1" duration-ms="7" started-at="2018-12-26T09:42:04Z" finished-at="2018-12-26T09:42:04Z">
          <reporter-output>
          </reporter-output>
        </test-method> <!-- testcase1 -->
        <test-method status="PASS" signature="afteraTestcase()[pri:0, instance:TestNGpgm.BasicTestNG@396a51ab]" name="afteraTestcase" is-config="true" duration-ms="1" started-at="2018-12-26T09:42:04Z" finished-at="2018-12-26T09:42:04Z">
          <reporter-output>
          </reporter-output>
        </test-method> <!-- afteraTestcase -->
        <test-method status="PASS" signature="atEndClass()[pri:0, instance:TestNGpgm.BasicTestNG@396a51ab]" name="atEndClass" is-config="true" duration-ms="1" started-at="2018-12-26T09:42:04Z" finished-at="2018-12-26T09:42:04Z">
          <reporter-output>
          </reporter-output>
        </test-method> <!-- atEndClass -->
      </class> <!-- TestNGpgm.BasicTestNG -->
    </test> <!-- Default test -->
  </suite> <!-- Default suite -->
</testng-results>
